<?xml version="1.0" encoding="UTF-8"?>
<!-- Generated by org.testng.reporters.JUnitXMLReporter -->
<testsuite ignored="4" hostname="GOD" failures="0" tests="1" name="Default test" time="6.378" errors="0" timestamp="2025-02-23T22:19:36 IST">
  <testcase classname="com.bis.java.arrays.Rough" name="ArmStrong" time="6.294"/>
  <testcase classname="com.bis.java.arrays.Rough" name="mergeTwoArray" time="0.0">
    <ignored/>
  </testcase> <!-- mergeTwoArray -->
  <testcase classname="com.bis.java.arrays.Rough" name="copyandpaste" time="0.0">
    <ignored/>
  </testcase> <!-- copyandpaste -->
  <testcase classname="com.bis.java.arrays.Rough" name="sumAndAverage" time="0.0">
    <ignored/>
  </testcase> <!-- sumAndAverage -->
  <testcase classname="com.bis.java.arrays.Rough" name="findEle" time="0.0">
    <ignored/>
  </testcase> <!-- findEle -->
</testsuite> <!-- Default test -->
