<?xml version="1.0" encoding="UTF-8"?>
<!-- Generated by org.testng.reporters.JUnitXMLReporter -->
<testsuite ignored="0" hostname="GOD" failures="0" tests="3" name="Test" time="16.453" errors="0" timestamp="2025-02-28T19:50:19 IST">
  <testcase classname="com.bis.testng.ParallelExecution" name="youtube" time="0.033"/>
  <testcase classname="com.bis.testng.ParallelExecution" name="google" time="14.798"/>
  <testcase classname="com.bis.testng.ParallelExecution" name="googles" time="16.338"/>
</testsuite> <!-- Test -->
