<?xml version="1.0" encoding="UTF-8"?>
<testng-results ignored="0" total="3" passed="3" failed="0" skipped="0">
  <reporter-output>
  </reporter-output>
  <suite started-at="2025-02-28T19:50:03 IST" name="Suite" finished-at="2025-02-28T19:50:19 IST" duration-ms="16453">
    <groups>
    </groups>
    <test started-at="2025-02-28T19:50:03 IST" name="Test" finished-at="2025-02-28T19:50:19 IST" duration-ms="16453">
      <class name="com.bis.testng.ParallelExecution">
        <test-method signature="youtube(java.lang.String)[pri:0, instance:com.bis.testng.ParallelExecution@d86a6f]" started-at="2025-02-28T19:50:03 IST" name="youtube" finished-at="2025-02-28T19:50:03 IST" duration-ms="33" status="PASS">
          <params>
            <param index="0">
              <value>
                <![CDATA[chrome]]>
              </value>
            </param>
          </params>
          <reporter-output>
          </reporter-output>
        </test-method> <!-- youtube -->
        <test-method signature="google(java.lang.String)[pri:0, instance:com.bis.testng.ParallelExecution@d86a6f]" started-at="2025-02-28T19:50:03 IST" name="google" finished-at="2025-02-28T19:50:18 IST" duration-ms="14798" status="PASS">
          <params>
            <param index="0">
              <value>
                <![CDATA[chrome]]>
              </value>
            </param>
          </params>
          <reporter-output>
          </reporter-output>
        </test-method> <!-- google -->
        <test-method signature="googles(java.lang.String)[pri:0, instance:com.bis.testng.ParallelExecution@d86a6f]" started-at="2025-02-28T19:50:03 IST" name="googles" finished-at="2025-02-28T19:50:19 IST" duration-ms="16338" status="PASS">
          <params>
            <param index="0">
              <value>
                <![CDATA[chrome]]>
              </value>
            </param>
          </params>
          <reporter-output>
          </reporter-output>
        </test-method> <!-- googles -->
      </class> <!-- com.bis.testng.ParallelExecution -->
    </test> <!-- Test -->
  </suite> <!-- Suite -->
</testng-results>
